


ARM Macro Assembler    Page 1 


    1 00000000         ;/******************************************************
                       ********************//**
    2 00000000         ; * @file     startup_ARMCM4.s
    3 00000000         ; * @brief    CMSIS Core Device Startup File for
    4 00000000         ; *           ARMCM4 Device Series
    5 00000000         ; * @version  V1.08
    6 00000000         ; * @date     23. November 2012
    7 00000000         ; *
    8 00000000         ; * @note
    9 00000000         ; *
   10 00000000         ; ******************************************************
                       ************************/
   11 00000000         ;/* Copyright (c) 2011 - 2012 ARM LIMITED
   12 00000000         ;
   13 00000000         ;   All rights reserved.
   14 00000000         ;   Redistribution and use in source and binary forms, w
                       ith or without
   15 00000000         ;   modification, are permitted provided that the follow
                       ing conditions are met:
   16 00000000         ;   - Redistributions of source code must retain the abo
                       ve copyright
   17 00000000         ;     notice, this list of conditions and the following 
                       disclaimer.
   18 00000000         ;   - Redistributions in binary form must reproduce the 
                       above copyright
   19 00000000         ;     notice, this list of conditions and the following 
                       disclaimer in the
   20 00000000         ;     documentation and/or other materials provided with
                        the distribution.
   21 00000000         ;   - Neither the name of ARM nor the names of its contr
                       ibutors may be used
   22 00000000         ;     to endorse or promote products derived from this s
                       oftware without
   23 00000000         ;     specific prior written permission.
   24 00000000         ;   *
   25 00000000         ;   THIS SOFTWARE IS PROVIDED BY THE COPYRIGHT HOLDERS A
                       ND CONTRIBUTORS "AS IS"
   26 00000000         ;   AND ANY EXPRESS OR IMPLIED WARRANTIES, INCLUDING, BU
                       T NOT LIMITED TO, THE
   27 00000000         ;   IMPLIED WARRANTIES OF MERCHANTABILITY AND FITNESS FO
                       R A PARTICULAR PURPOSE
   28 00000000         ;   ARE DISCLAIMED. IN NO EVENT SHALL COPYRIGHT HOLDERS 
                       AND CONTRIBUTORS BE
   29 00000000         ;   LIABLE FOR ANY DIRECT, INDIRECT, INCIDENTAL, SPECIAL
                       , EXEMPLARY, OR
   30 00000000         ;   CONSEQUENTIAL DAMAGES (INCLUDING, BUT NOT LIMITED TO
                       , PROCUREMENT OF
   31 00000000         ;   SUBSTITUTE GOODS OR SERVICES; LOSS OF USE, DATA, OR 
                       PROFITS; OR BUSINESS
   32 00000000         ;   INTERRUPTION) HOWEVER CAUSED AND ON ANY THEORY OF LI
                       ABILITY, WHETHER IN
   33 00000000         ;   CONTRACT, STRICT LIABILITY, OR TORT (INCLUDING NEGLI
                       GENCE OR OTHERWISE)
   34 00000000         ;   ARISING IN ANY WAY OUT OF THE USE OF THIS SOFTWARE, 
                       EVEN IF ADVISED OF THE
   35 00000000         ;   POSSIBILITY OF SUCH DAMAGE.
   36 00000000         ;   ----------------------------------------------------
                       -----------------------*/
   37 00000000         ;/*



ARM Macro Assembler    Page 2 


   38 00000000         ;//-------- <<< Use Configuration Wizard in Context Menu
                        >>> ------------------
   39 00000000         ;*/
   40 00000000         
   41 00000000         
   42 00000000         ; <h> Stack Configuration
   43 00000000         ;   <o> Stack Size (in Bytes) <0x0-0xFFFFFFFF:8>
   44 00000000         ; </h>
   45 00000000         
   46 00000000 00000400 
                       Stack_Size
                               EQU              0x00000400
   47 00000000         
   48 00000000                 AREA             STACK, NOINIT, READWRITE, ALIGN
=3
   49 00000000         Stack_Mem
                               SPACE            Stack_Size
   50 00000400         __initial_sp
   51 00000400         
   52 00000400         
   53 00000400         ; <h> Heap Configuration
   54 00000400         ;   <o>  Heap Size (in Bytes) <0x0-0xFFFFFFFF:8>
   55 00000400         ; </h>
   56 00000400         
   57 00000400 00000400 
                       Heap_Size
                               EQU              0x00000400
   58 00000400         
   59 00000400                 AREA             HEAP, NOINIT, READWRITE, ALIGN=
3
   60 00000000         __heap_base
   61 00000000         Heap_Mem
                               SPACE            Heap_Size
   62 00000400         __heap_limit
   63 00000400         
   64 00000400         
   65 00000400                 PRESERVE8
   66 00000400                 THUMB
   67 00000400         
   68 00000400         
   69 00000400         ; Vector Table Mapped to Address 0 at Reset
   70 00000400         
   71 00000400                 AREA             RESET, DATA, READONLY
   72 00000000                 EXPORT           __Vectors
   73 00000000                 EXPORT           __Vectors_End
   74 00000000                 EXPORT           __Vectors_Size
   75 00000000         
   76 00000000 00000000 
                       __Vectors
                               DCD              __initial_sp ; Top of Stack
   77 00000004 00000000        DCD              Reset_Handler ; Reset Handler
   78 00000008 00000000        DCD              NMI_Handler ; NMI Handler
   79 0000000C 00000000        DCD              HardFault_Handler ; Hard Fault 
                                                            Handler
   80 00000010 00000000        DCD              MemManage_Handler 
                                                            ; MPU Fault Handler
                                                            
   81 00000014 00000000        DCD              BusFault_Handler 
                                                            ; Bus Fault Handler



ARM Macro Assembler    Page 3 


                                                            
   82 00000018 00000000        DCD              UsageFault_Handler ; Usage Faul
                                                            t Handler
   83 0000001C 00000000        DCD              0           ; Reserved
   84 00000020 00000000        DCD              0           ; Reserved
   85 00000024 00000000        DCD              0           ; Reserved
   86 00000028 00000000        DCD              0           ; Reserved
   87 0000002C 00000000        DCD              SVC_Handler ; SVCall Handler
   88 00000030 00000000        DCD              DebugMon_Handler ; Debug Monito
                                                            r Handler
   89 00000034 00000000        DCD              0           ; Reserved
   90 00000038 00000000        DCD              PendSV_Handler ; PendSV Handler
                                                            
   91 0000003C 00000000        DCD              SysTick_Handler 
                                                            ; SysTick Handler
   92 00000040         
   93 00000040         ; External Interrupts
   94 00000040 00000000        DCD              MEM_IRQHandler ;  0 Memory Erro
                                                            r IRQHandler
   95 00000044 00000000        DCD              POWER_IRQHandler ;  1 Power Err
                                                            or IRQHandler
   96 00000048 00000000        DCD              CLOCK_IRQHandler ;  2 Clock Err
                                                            or IRQHandler
   97 0000004C 00000000        DCD              WDT1_IRQHandler ;  3 Watchdog 1
                                                             IRQHandler
   98 00000050 00000000        DCD              GPIO_LEVEL_IRQHandler ;  4 GPIO
                                                             Level IRQHandler
   99 00000054 00000000        DCD              GPIO_EDGE_IRQHandler ;  5 GPIO 
                                                            Edge IRQHandler
  100 00000058 00000000        DCD              SIO0A_IRQHandler ;  6 SIO0 Int 
                                                            A IRQHandler
  101 0000005C 00000000        DCD              SIO0B_IRQHandler ;  7 SIO0 Int 
                                                            B IRQHandler
  102 00000060 00000000        DCD              0           ; Reserved
  103 00000064 00000000        DCD              0           ; Reserved
  104 00000068 00000000        DCD              0           ; Reserved
  105 0000006C 00000000        DCD              0           ; Reserved
  106 00000070 00000000        DCD              UART_IRQHandler ; 12 UART IRQHa
                                                            ndler
  107 00000074 00000000        DCD              SSP_IRQHandler 
                                                            ; 13 SSP IRQHandler
                                                            
  108 00000078 00000000        DCD              I2C_IRQHandler 
                                                            ; 14 I2C IRQHandler
                                                            
  109 0000007C 00000000        DCD              ADC0_IRQHandler ; 15 ADC EOC0  
                                                            IRQHandler
  110 00000080 00000000        DCD              ADC1_IRQHandler ; 16 ADC EOC1  
                                                            IRQHandler
  111 00000084 00000000        DCD              ADC2_IRQHandler ; 17 ADC EOC2  
                                                            IRQHandler
  112 00000088 00000000        DCD              ADC3_IRQHandler ; 18 ADC EOC3  
                                                            IRQHandler
  113 0000008C 00000000        DCD              ADC4_IRQHandler ; 19 ADC EOC4  
                                                            IRQHandler
  114 00000090 00000000        DCD              ADC5_IRQHandler ; 20 ADC EOC5  
                                                            IRQHandler
  115 00000094 00000000        DCD              ADC6_IRQHandler ; 21 ADC EOC6  
                                                            IRQHandler



ARM Macro Assembler    Page 4 


  116 00000098 00000000        DCD              ADC7_IRQHandler ; 22 ADC EOC7  
                                                            IRQHandler
  117 0000009C 00000000        DCD              ADC8_IRQHandler ; 23 ADC EOC8  
                                                            IRQHandler
  118 000000A0 00000000        DCD              ADC9_IRQHandler ; 24 ADC EOC9  
                                                            IRQHandler
  119 000000A4 00000000        DCD              ADC10_IRQHandler ; 25 ADC EOC10
                                                             IRQHandler
  120 000000A8 00000000        DCD              ADC11_IRQHandler ; 26 ADC EOC11
                                                             IRQHandler
  121 000000AC 00000000        DCD              ADC12_IRQHandler ; 27 ADC EOC12
                                                             IRQHandler
  122 000000B0 00000000        DCD              ADC13_IRQHandler ; 28 ADC EOC13
                                                             IRQHandler
  123 000000B4 00000000        DCD              ADC14_IRQHandler ; 29 ADC EOC14
                                                             IRQHandler
  124 000000B8 00000000        DCD              ADC15_IRQHandler ; 30 ADC EOC15
                                                             IRQHandler
  125 000000BC 00000000        DCD              ADCPPU0_IRQHandler ; 31 ADC PPU
                                                            0 IRQHandler
  126 000000C0 00000000        DCD              ADCPPU1_IRQHandler ; 32 ADC PPU
                                                            1 IRQHandler
  127 000000C4 00000000        DCD              ADCPPU2_IRQHandler ; 33 ADC PPU
                                                            2 IRQHandler
  128 000000C8 00000000        DCD              ADCPPU3_IRQHandler ; 34 ADC PPU
                                                            3 IRQHandler
  129 000000CC 00000000        DCD              ADCPPU4_IRQHandler ; 35 ADC PPU
                                                            4 IRQHandler
  130 000000D0 00000000        DCD              ADCPPU5_IRQHandler ; 36 ADC PPU
                                                            5 IRQHandler
  131 000000D4 00000000        DCD              0           ; Reserved
  132 000000D8 00000000        DCD              0           ; Reserved
  133 000000DC 00000000        DCD              PWM0_IRQHandler ; 39 PWM0 IRQHa
                                                            ndler
  134 000000E0 00000000        DCD              PWM1_IRQHandler ; 40 PWM1 IRQHa
                                                            ndler
  135 000000E4 00000000        DCD              PWM2_IRQHandler ; 41 PWM2 IRQHa
                                                            ndler
  136 000000E8 00000000        DCD              PWM3_IRQHandler ; 42 PWM3 IRQHa
                                                            ndler
  137 000000EC 00000000        DCD              PWM4_IRQHandler ; 43 PWM4 IRQHa
                                                            ndler
  138 000000F0 00000000        DCD              PWM5_IRQHandler ; 44 PWM5 IRQHa
                                                            ndler
  139 000000F4 00000000        DCD              0           ; Reserved
  140 000000F8 00000000        DCD              0           ; Reserved
  141 000000FC 00000000        DCD              PWM0TZ_IRQHandler ; 47 PWM0 Tri
                                                            p-Zone IRQHandler
  142 00000100 00000000        DCD              PWM1TZ_IRQHandler ; 48 PWM1 Tri
                                                            p-Zone IRQHandler
  143 00000104 00000000        DCD              PWM2TZ_IRQHandler ; 49 PWM2 Tri
                                                            p-Zone IRQHandler
  144 00000108 00000000        DCD              PWM3TZ_IRQHandler ; 50 PWM3 Tri
                                                            p-Zone IRQHandler
  145 0000010C 00000000        DCD              PWM4TZ_IRQHandler ; 51 PWM4 Tri
                                                            p-Zone IRQHandler
  146 00000110 00000000        DCD              PWM5TZ_IRQHandler ; 52 PWM5 Tri
                                                            p-Zone IRQHandler
  147 00000114 00000000        DCD              0           ; Reserved



ARM Macro Assembler    Page 5 


  148 00000118 00000000        DCD              0           ; Reserved
  149 0000011C 00000000        DCD              ECAP_IRQHandler ; 55 ECAP IRQHa
                                                            ndler
  150 00000120 00000000        DCD              TIMER0_IRQHandler ; 56 Timer0 I
                                                            RQHandler
  151 00000124 00000000        DCD              TIMER1_IRQHandler ; 57 Timer1 I
                                                            RQHandler
  152 00000128 00000000        DCD              TIMER2_IRQHandler ; 58 Timer2 I
                                                            RQHandler
  153 0000012C 00000000        DCD              CRC_IRQHandler 
                                                            ; 59 CRC IRQHandler
                                                            
  154 00000130 00000000        DCD              AES_IRQHandler 
                                                            ; 60 AES IRQHandler
                                                            
  155 00000134         __Vectors_End
  156 00000134         
  157 00000134 00000134 
                       __Vectors_Size
                               EQU              __Vectors_End - __Vectors
  158 00000134         
  159 00000134                 AREA             |.text|, CODE, READONLY
  160 00000000         
  161 00000000         
  162 00000000         ; Reset Handler
  163 00000000         
  164 00000000         Reset_Handler
                               PROC
  165 00000000                 EXPORT           Reset_Handler             [WEAK
]
  166 00000000                 IMPORT           SystemInit
  167 00000000                 IMPORT           __main
  168 00000000         
  169 00000000         ; Remap vector table
  170 00000000 480D            LDR              R0, =__Vectors
  171 00000002 490E            LDR              R1, =0xE000ED08 ;*VTOR register
                                                            
  172 00000004 6008            STR              R0,[R1]
  173 00000006         
  174 00000006         ;* C routines are likely to be called. Setup the stack n
                       ow
  175 00000006 F8DF D038       LDR              SP,=__initial_sp
  176 0000000A         
  177 0000000A 480E            LDR              R0, = SystemInit
  178 0000000C 4780            BLX              R0
  179 0000000E         
  180 0000000E         ;* Reset stack pointer before zipping off to user applic
                       ation
  181 0000000E F8DF D030       LDR              SP,=__initial_sp
  182 00000012         
  183 00000012 480D            LDR              R0, =__main
  184 00000014 4700            BX               R0
  185 00000016                 ENDP
  186 00000016         
  187 00000016         
  188 00000016         ; Dummy Exception Handlers (infinite loops which can be 
                       modified)
  189 00000016         
  190 00000016         NMI_Handler



ARM Macro Assembler    Page 6 


                               PROC
  191 00000016                 EXPORT           NMI_Handler               [WEAK
]
  192 00000016 E7FE            B                .
  193 00000018                 ENDP
  195 00000018         HardFault_Handler
                               PROC
  196 00000018                 EXPORT           HardFault_Handler         [WEAK
]
  197 00000018 E7FE            B                .
  198 0000001A                 ENDP
  200 0000001A         MemManage_Handler
                               PROC
  201 0000001A                 EXPORT           MemManage_Handler         [WEAK
]
  202 0000001A E7FE            B                .
  203 0000001C                 ENDP
  205 0000001C         BusFault_Handler
                               PROC
  206 0000001C                 EXPORT           BusFault_Handler          [WEAK
]
  207 0000001C E7FE            B                .
  208 0000001E                 ENDP
  210 0000001E         UsageFault_Handler
                               PROC
  211 0000001E                 EXPORT           UsageFault_Handler        [WEAK
]
  212 0000001E E7FE            B                .
  213 00000020                 ENDP
  214 00000020         SVC_Handler
                               PROC
  215 00000020                 EXPORT           SVC_Handler               [WEAK
]
  216 00000020 E7FE            B                .
  217 00000022                 ENDP
  219 00000022         DebugMon_Handler
                               PROC
  220 00000022                 EXPORT           DebugMon_Handler          [WEAK
]
  221 00000022 E7FE            B                .
  222 00000024                 ENDP
  223 00000024         PendSV_Handler
                               PROC
  224 00000024                 EXPORT           PendSV_Handler            [WEAK
]
  225 00000024 E7FE            B                .
  226 00000026                 ENDP
  227 00000026         SysTick_Handler
                               PROC
  228 00000026                 EXPORT           SysTick_Handler           [WEAK
]
  229 00000026 E7FE            B                .
  230 00000028                 ENDP
  231 00000028         
  232 00000028         Default_Handler
                               PROC
  233 00000028         
  234 00000028                 EXPORT           MEM_IRQHandler            [WEAK
]



ARM Macro Assembler    Page 7 


  235 00000028                 EXPORT           POWER_IRQHandler          [WEAK
]
  236 00000028                 EXPORT           CLOCK_IRQHandler          [WEAK
]
  237 00000028                 EXPORT           WDT1_IRQHandler           [WEAK
]
  238 00000028                 EXPORT           GPIO_LEVEL_IRQHandler     [WEAK
]
  239 00000028                 EXPORT           GPIO_EDGE_IRQHandler      [WEAK
]
  240 00000028                 EXPORT           SIO0A_IRQHandler          [WEAK
]
  241 00000028                 EXPORT           SIO0B_IRQHandler          [WEAK
]
  242 00000028                 EXPORT           UART_IRQHandler           [WEAK
]
  243 00000028                 EXPORT           SSP_IRQHandler            [WEAK
]
  244 00000028                 EXPORT           I2C_IRQHandler            [WEAK
]
  245 00000028                 EXPORT           ADC0_IRQHandler           [WEAK
]
  246 00000028                 EXPORT           ADC1_IRQHandler           [WEAK
]
  247 00000028                 EXPORT           ADC2_IRQHandler           [WEAK
]
  248 00000028                 EXPORT           ADC3_IRQHandler           [WEAK
]
  249 00000028                 EXPORT           ADC4_IRQHandler           [WEAK
]
  250 00000028                 EXPORT           ADC5_IRQHandler           [WEAK
]
  251 00000028                 EXPORT           ADC6_IRQHandler           [WEAK
]
  252 00000028                 EXPORT           ADC7_IRQHandler           [WEAK
]
  253 00000028                 EXPORT           ADC8_IRQHandler           [WEAK
]
  254 00000028                 EXPORT           ADC9_IRQHandler           [WEAK
]
  255 00000028                 EXPORT           ADC10_IRQHandler          [WEAK
]
  256 00000028                 EXPORT           ADC11_IRQHandler          [WEAK
]
  257 00000028                 EXPORT           ADC12_IRQHandler          [WEAK
]
  258 00000028                 EXPORT           ADC13_IRQHandler          [WEAK
]
  259 00000028                 EXPORT           ADC14_IRQHandler          [WEAK
]
  260 00000028                 EXPORT           ADC15_IRQHandler          [WEAK
]
  261 00000028                 EXPORT           ADCPPU0_IRQHandler        [WEAK
]
  262 00000028                 EXPORT           ADCPPU1_IRQHandler        [WEAK
]
  263 00000028                 EXPORT           ADCPPU2_IRQHandler        [WEAK
]
  264 00000028                 EXPORT           ADCPPU3_IRQHandler        [WEAK



ARM Macro Assembler    Page 8 


]
  265 00000028                 EXPORT           ADCPPU4_IRQHandler        [WEAK
]
  266 00000028                 EXPORT           ADCPPU5_IRQHandler        [WEAK
]
  267 00000028                 EXPORT           PWM0_IRQHandler           [WEAK
]
  268 00000028                 EXPORT           PWM1_IRQHandler           [WEAK
]
  269 00000028                 EXPORT           PWM2_IRQHandler           [WEAK
]
  270 00000028                 EXPORT           PWM3_IRQHandler           [WEAK
]
  271 00000028                 EXPORT           PWM4_IRQHandler           [WEAK
]
  272 00000028                 EXPORT           PWM5_IRQHandler           [WEAK
]
  273 00000028                 EXPORT           PWM0TZ_IRQHandler         [WEAK
]
  274 00000028                 EXPORT           PWM1TZ_IRQHandler         [WEAK
]
  275 00000028                 EXPORT           PWM2TZ_IRQHandler         [WEAK
]
  276 00000028                 EXPORT           PWM3TZ_IRQHandler         [WEAK
]
  277 00000028                 EXPORT           PWM4TZ_IRQHandler         [WEAK
]
  278 00000028                 EXPORT           PWM5TZ_IRQHandler         [WEAK
]
  279 00000028                 EXPORT           ECAP_IRQHandler           [WEAK
]
  280 00000028                 EXPORT           TIMER0_IRQHandler         [WEAK
]
  281 00000028                 EXPORT           TIMER1_IRQHandler         [WEAK
]
  282 00000028                 EXPORT           TIMER2_IRQHandler         [WEAK
]
  283 00000028                 EXPORT           CRC_IRQHandler            [WEAK
]
  284 00000028                 EXPORT           AES_IRQHandler            [WEAK
]
  285 00000028         
  286 00000028         MEM_IRQHandler
  287 00000028         POWER_IRQHandler
  288 00000028         CLOCK_IRQHandler
  289 00000028         WDT1_IRQHandler
  290 00000028         GPIO_LEVEL_IRQHandler
  291 00000028         GPIO_EDGE_IRQHandler
  292 00000028         SIO0A_IRQHandler
  293 00000028         SIO0B_IRQHandler
  294 00000028         UART_IRQHandler
  295 00000028         SSP_IRQHandler
  296 00000028         I2C_IRQHandler
  297 00000028         ADC0_IRQHandler
  298 00000028         ADC1_IRQHandler
  299 00000028         ADC2_IRQHandler
  300 00000028         ADC3_IRQHandler
  301 00000028         ADC4_IRQHandler
  302 00000028         ADC5_IRQHandler



ARM Macro Assembler    Page 9 


  303 00000028         ADC6_IRQHandler
  304 00000028         ADC7_IRQHandler
  305 00000028         ADC8_IRQHandler
  306 00000028         ADC9_IRQHandler
  307 00000028         ADC10_IRQHandler
  308 00000028         ADC11_IRQHandler
  309 00000028         ADC12_IRQHandler
  310 00000028         ADC13_IRQHandler
  311 00000028         ADC14_IRQHandler
  312 00000028         ADC15_IRQHandler
  313 00000028         ADCPPU0_IRQHandler
  314 00000028         ADCPPU1_IRQHandler
  315 00000028         ADCPPU2_IRQHandler
  316 00000028         ADCPPU3_IRQHandler
  317 00000028         ADCPPU4_IRQHandler
  318 00000028         ADCPPU5_IRQHandler
  319 00000028         PWM0_IRQHandler
  320 00000028         PWM1_IRQHandler
  321 00000028         PWM2_IRQHandler
  322 00000028         PWM3_IRQHandler
  323 00000028         PWM4_IRQHandler
  324 00000028         PWM5_IRQHandler
  325 00000028         PWM0TZ_IRQHandler
  326 00000028         PWM1TZ_IRQHandler
  327 00000028         PWM2TZ_IRQHandler
  328 00000028         PWM3TZ_IRQHandler
  329 00000028         PWM4TZ_IRQHandler
  330 00000028         PWM5TZ_IRQHandler
  331 00000028         ECAP_IRQHandler
  332 00000028         TIMER0_IRQHandler
  333 00000028         TIMER1_IRQHandler
  334 00000028         TIMER2_IRQHandler
  335 00000028         CRC_IRQHandler
  336 00000028         AES_IRQHandler
  337 00000028 E7FE            B                .
  338 0000002A         
  339 0000002A                 ENDP
  340 0000002A         
  341 0000002A         
  342 0000002A 00 00           ALIGN
  343 0000002C         
  344 0000002C         
  345 0000002C         ; User Initial Stack & Heap
  346 0000002C         
  347 0000002C                 IF               :DEF:__MICROLIB
  354 0000002C         
  355 0000002C                 IMPORT           __use_two_region_memory
  356 0000002C                 EXPORT           __user_initial_stackheap
  357 0000002C         
  358 0000002C         __user_initial_stackheap
                               PROC
  359 0000002C 4807            LDR              R0, =  Heap_Mem
  360 0000002E 4908            LDR              R1, =(Stack_Mem + Stack_Size)
  361 00000030 4A08            LDR              R2, = (Heap_Mem +  Heap_Size)
  362 00000032 4B09            LDR              R3, = Stack_Mem
  363 00000034 4770            BX               LR
  364 00000036                 ENDP
  365 00000036         
  366 00000036 00 00           ALIGN



ARM Macro Assembler    Page 10 


  367 00000038         
  368 00000038                 ENDIF
  369 00000038         
  370 00000038         
  371 00000038                 END
              00000000 
              E000ED08 
              00000000 
              00000000 
              00000000 
              00000000 
              00000400 
              00000400 
              00000000 
Command Line: --debug --xref --diag_suppress=9931 --cpu=Cortex-M4.fp --apcs=int
erwork --depend=..\output\startup_spc1168.d -o..\output\startup_spc1168.o -I"C:
\Users\86180\Desktop\2_5KW_ PFC\Proj\RTE" -ID:\\ARM\PACK\ARM\CMSIS\5.6.0 -ID:\A
RM\ARM\CMSIS\Include -ID:\\ARM\PACK\ARM\CMSIS\5.6.0\Device\ARM\ARMCM4\Include -
-predefine="__UVISION_VERSION SETA 514" --predefine="ARMCM4_FP SETA 1" --list=.
.\output\listings\startup_spc1168.lst ..\Core\startup_spc1168.s



ARM Macro Assembler    Page 1 Alphabetic symbol ordering
Relocatable symbols

STACK 00000000

Symbol: STACK
   Definitions
      At line 48 in file ..\Core\startup_spc1168.s
   Uses
      None
Comment: STACK unused
Stack_Mem 00000000

Symbol: Stack_Mem
   Definitions
      At line 49 in file ..\Core\startup_spc1168.s
   Uses
      At line 360 in file ..\Core\startup_spc1168.s
      At line 362 in file ..\Core\startup_spc1168.s

__initial_sp 00000400

Symbol: __initial_sp
   Definitions
      At line 50 in file ..\Core\startup_spc1168.s
   Uses
      At line 76 in file ..\Core\startup_spc1168.s
      At line 175 in file ..\Core\startup_spc1168.s
      At line 181 in file ..\Core\startup_spc1168.s

3 symbols



ARM Macro Assembler    Page 1 Alphabetic symbol ordering
Relocatable symbols

HEAP 00000000

Symbol: HEAP
   Definitions
      At line 59 in file ..\Core\startup_spc1168.s
   Uses
      None
Comment: HEAP unused
Heap_Mem 00000000

Symbol: Heap_Mem
   Definitions
      At line 61 in file ..\Core\startup_spc1168.s
   Uses
      At line 359 in file ..\Core\startup_spc1168.s
      At line 361 in file ..\Core\startup_spc1168.s

__heap_base 00000000

Symbol: __heap_base
   Definitions
      At line 60 in file ..\Core\startup_spc1168.s
   Uses
      None
Comment: __heap_base unused
__heap_limit 00000400

Symbol: __heap_limit
   Definitions
      At line 62 in file ..\Core\startup_spc1168.s
   Uses
      None
Comment: __heap_limit unused
4 symbols



ARM Macro Assembler    Page 1 Alphabetic symbol ordering
Relocatable symbols

RESET 00000000

Symbol: RESET
   Definitions
      At line 71 in file ..\Core\startup_spc1168.s
   Uses
      None
Comment: RESET unused
__Vectors 00000000

Symbol: __Vectors
   Definitions
      At line 76 in file ..\Core\startup_spc1168.s
   Uses
      At line 72 in file ..\Core\startup_spc1168.s
      At line 157 in file ..\Core\startup_spc1168.s
      At line 170 in file ..\Core\startup_spc1168.s

__Vectors_End 00000134

Symbol: __Vectors_End
   Definitions
      At line 155 in file ..\Core\startup_spc1168.s
   Uses
      At line 73 in file ..\Core\startup_spc1168.s
      At line 157 in file ..\Core\startup_spc1168.s

3 symbols



ARM Macro Assembler    Page 1 Alphabetic symbol ordering
Relocatable symbols

.text 00000000

Symbol: .text
   Definitions
      At line 159 in file ..\Core\startup_spc1168.s
   Uses
      None
Comment: .text unused
ADC0_IRQHandler 00000028

Symbol: ADC0_IRQHandler
   Definitions
      At line 297 in file ..\Core\startup_spc1168.s
   Uses
      At line 109 in file ..\Core\startup_spc1168.s
      At line 245 in file ..\Core\startup_spc1168.s

ADC10_IRQHandler 00000028

Symbol: ADC10_IRQHandler
   Definitions
      At line 307 in file ..\Core\startup_spc1168.s
   Uses
      At line 119 in file ..\Core\startup_spc1168.s
      At line 255 in file ..\Core\startup_spc1168.s

ADC11_IRQHandler 00000028

Symbol: ADC11_IRQHandler
   Definitions
      At line 308 in file ..\Core\startup_spc1168.s
   Uses
      At line 120 in file ..\Core\startup_spc1168.s
      At line 256 in file ..\Core\startup_spc1168.s

ADC12_IRQHandler 00000028

Symbol: ADC12_IRQHandler
   Definitions
      At line 309 in file ..\Core\startup_spc1168.s
   Uses
      At line 121 in file ..\Core\startup_spc1168.s
      At line 257 in file ..\Core\startup_spc1168.s

ADC13_IRQHandler 00000028

Symbol: ADC13_IRQHandler
   Definitions
      At line 310 in file ..\Core\startup_spc1168.s
   Uses
      At line 122 in file ..\Core\startup_spc1168.s
      At line 258 in file ..\Core\startup_spc1168.s

ADC14_IRQHandler 00000028

Symbol: ADC14_IRQHandler
   Definitions
      At line 311 in file ..\Core\startup_spc1168.s
   Uses



ARM Macro Assembler    Page 2 Alphabetic symbol ordering
Relocatable symbols

      At line 123 in file ..\Core\startup_spc1168.s
      At line 259 in file ..\Core\startup_spc1168.s

ADC15_IRQHandler 00000028

Symbol: ADC15_IRQHandler
   Definitions
      At line 312 in file ..\Core\startup_spc1168.s
   Uses
      At line 124 in file ..\Core\startup_spc1168.s
      At line 260 in file ..\Core\startup_spc1168.s

ADC1_IRQHandler 00000028

Symbol: ADC1_IRQHandler
   Definitions
      At line 298 in file ..\Core\startup_spc1168.s
   Uses
      At line 110 in file ..\Core\startup_spc1168.s
      At line 246 in file ..\Core\startup_spc1168.s

ADC2_IRQHandler 00000028

Symbol: ADC2_IRQHandler
   Definitions
      At line 299 in file ..\Core\startup_spc1168.s
   Uses
      At line 111 in file ..\Core\startup_spc1168.s
      At line 247 in file ..\Core\startup_spc1168.s

ADC3_IRQHandler 00000028

Symbol: ADC3_IRQHandler
   Definitions
      At line 300 in file ..\Core\startup_spc1168.s
   Uses
      At line 112 in file ..\Core\startup_spc1168.s
      At line 248 in file ..\Core\startup_spc1168.s

ADC4_IRQHandler 00000028

Symbol: ADC4_IRQHandler
   Definitions
      At line 301 in file ..\Core\startup_spc1168.s
   Uses
      At line 113 in file ..\Core\startup_spc1168.s
      At line 249 in file ..\Core\startup_spc1168.s

ADC5_IRQHandler 00000028

Symbol: ADC5_IRQHandler
   Definitions
      At line 302 in file ..\Core\startup_spc1168.s
   Uses
      At line 114 in file ..\Core\startup_spc1168.s
      At line 250 in file ..\Core\startup_spc1168.s

ADC6_IRQHandler 00000028




ARM Macro Assembler    Page 3 Alphabetic symbol ordering
Relocatable symbols

Symbol: ADC6_IRQHandler
   Definitions
      At line 303 in file ..\Core\startup_spc1168.s
   Uses
      At line 115 in file ..\Core\startup_spc1168.s
      At line 251 in file ..\Core\startup_spc1168.s

ADC7_IRQHandler 00000028

Symbol: ADC7_IRQHandler
   Definitions
      At line 304 in file ..\Core\startup_spc1168.s
   Uses
      At line 116 in file ..\Core\startup_spc1168.s
      At line 252 in file ..\Core\startup_spc1168.s

ADC8_IRQHandler 00000028

Symbol: ADC8_IRQHandler
   Definitions
      At line 305 in file ..\Core\startup_spc1168.s
   Uses
      At line 117 in file ..\Core\startup_spc1168.s
      At line 253 in file ..\Core\startup_spc1168.s

ADC9_IRQHandler 00000028

Symbol: ADC9_IRQHandler
   Definitions
      At line 306 in file ..\Core\startup_spc1168.s
   Uses
      At line 118 in file ..\Core\startup_spc1168.s
      At line 254 in file ..\Core\startup_spc1168.s

ADCPPU0_IRQHandler 00000028

Symbol: ADCPPU0_IRQHandler
   Definitions
      At line 313 in file ..\Core\startup_spc1168.s
   Uses
      At line 125 in file ..\Core\startup_spc1168.s
      At line 261 in file ..\Core\startup_spc1168.s

ADCPPU1_IRQHandler 00000028

Symbol: ADCPPU1_IRQHandler
   Definitions
      At line 314 in file ..\Core\startup_spc1168.s
   Uses
      At line 126 in file ..\Core\startup_spc1168.s
      At line 262 in file ..\Core\startup_spc1168.s

ADCPPU2_IRQHandler 00000028

Symbol: ADCPPU2_IRQHandler
   Definitions
      At line 315 in file ..\Core\startup_spc1168.s
   Uses
      At line 127 in file ..\Core\startup_spc1168.s



ARM Macro Assembler    Page 4 Alphabetic symbol ordering
Relocatable symbols

      At line 263 in file ..\Core\startup_spc1168.s

ADCPPU3_IRQHandler 00000028

Symbol: ADCPPU3_IRQHandler
   Definitions
      At line 316 in file ..\Core\startup_spc1168.s
   Uses
      At line 128 in file ..\Core\startup_spc1168.s
      At line 264 in file ..\Core\startup_spc1168.s

ADCPPU4_IRQHandler 00000028

Symbol: ADCPPU4_IRQHandler
   Definitions
      At line 317 in file ..\Core\startup_spc1168.s
   Uses
      At line 129 in file ..\Core\startup_spc1168.s
      At line 265 in file ..\Core\startup_spc1168.s

ADCPPU5_IRQHandler 00000028

Symbol: ADCPPU5_IRQHandler
   Definitions
      At line 318 in file ..\Core\startup_spc1168.s
   Uses
      At line 130 in file ..\Core\startup_spc1168.s
      At line 266 in file ..\Core\startup_spc1168.s

AES_IRQHandler 00000028

Symbol: AES_IRQHandler
   Definitions
      At line 336 in file ..\Core\startup_spc1168.s
   Uses
      At line 154 in file ..\Core\startup_spc1168.s
      At line 284 in file ..\Core\startup_spc1168.s

BusFault_Handler 0000001C

Symbol: BusFault_Handler
   Definitions
      At line 205 in file ..\Core\startup_spc1168.s
   Uses
      At line 81 in file ..\Core\startup_spc1168.s
      At line 206 in file ..\Core\startup_spc1168.s

CLOCK_IRQHandler 00000028

Symbol: CLOCK_IRQHandler
   Definitions
      At line 288 in file ..\Core\startup_spc1168.s
   Uses
      At line 96 in file ..\Core\startup_spc1168.s
      At line 236 in file ..\Core\startup_spc1168.s

CRC_IRQHandler 00000028

Symbol: CRC_IRQHandler



ARM Macro Assembler    Page 5 Alphabetic symbol ordering
Relocatable symbols

   Definitions
      At line 335 in file ..\Core\startup_spc1168.s
   Uses
      At line 153 in file ..\Core\startup_spc1168.s
      At line 283 in file ..\Core\startup_spc1168.s

DebugMon_Handler 00000022

Symbol: DebugMon_Handler
   Definitions
      At line 219 in file ..\Core\startup_spc1168.s
   Uses
      At line 88 in file ..\Core\startup_spc1168.s
      At line 220 in file ..\Core\startup_spc1168.s

Default_Handler 00000028

Symbol: Default_Handler
   Definitions
      At line 232 in file ..\Core\startup_spc1168.s
   Uses
      None
Comment: Default_Handler unused
ECAP_IRQHandler 00000028

Symbol: ECAP_IRQHandler
   Definitions
      At line 331 in file ..\Core\startup_spc1168.s
   Uses
      At line 149 in file ..\Core\startup_spc1168.s
      At line 279 in file ..\Core\startup_spc1168.s

GPIO_EDGE_IRQHandler 00000028

Symbol: GPIO_EDGE_IRQHandler
   Definitions
      At line 291 in file ..\Core\startup_spc1168.s
   Uses
      At line 99 in file ..\Core\startup_spc1168.s
      At line 239 in file ..\Core\startup_spc1168.s

GPIO_LEVEL_IRQHandler 00000028

Symbol: GPIO_LEVEL_IRQHandler
   Definitions
      At line 290 in file ..\Core\startup_spc1168.s
   Uses
      At line 98 in file ..\Core\startup_spc1168.s
      At line 238 in file ..\Core\startup_spc1168.s

HardFault_Handler 00000018

Symbol: HardFault_Handler
   Definitions
      At line 195 in file ..\Core\startup_spc1168.s
   Uses
      At line 79 in file ..\Core\startup_spc1168.s
      At line 196 in file ..\Core\startup_spc1168.s




ARM Macro Assembler    Page 6 Alphabetic symbol ordering
Relocatable symbols

I2C_IRQHandler 00000028

Symbol: I2C_IRQHandler
   Definitions
      At line 296 in file ..\Core\startup_spc1168.s
   Uses
      At line 108 in file ..\Core\startup_spc1168.s
      At line 244 in file ..\Core\startup_spc1168.s

MEM_IRQHandler 00000028

Symbol: MEM_IRQHandler
   Definitions
      At line 286 in file ..\Core\startup_spc1168.s
   Uses
      At line 94 in file ..\Core\startup_spc1168.s
      At line 234 in file ..\Core\startup_spc1168.s

MemManage_Handler 0000001A

Symbol: MemManage_Handler
   Definitions
      At line 200 in file ..\Core\startup_spc1168.s
   Uses
      At line 80 in file ..\Core\startup_spc1168.s
      At line 201 in file ..\Core\startup_spc1168.s

NMI_Handler 00000016

Symbol: NMI_Handler
   Definitions
      At line 190 in file ..\Core\startup_spc1168.s
   Uses
      At line 78 in file ..\Core\startup_spc1168.s
      At line 191 in file ..\Core\startup_spc1168.s

POWER_IRQHandler 00000028

Symbol: POWER_IRQHandler
   Definitions
      At line 287 in file ..\Core\startup_spc1168.s
   Uses
      At line 95 in file ..\Core\startup_spc1168.s
      At line 235 in file ..\Core\startup_spc1168.s

PWM0TZ_IRQHandler 00000028

Symbol: PWM0TZ_IRQHandler
   Definitions
      At line 325 in file ..\Core\startup_spc1168.s
   Uses
      At line 141 in file ..\Core\startup_spc1168.s
      At line 273 in file ..\Core\startup_spc1168.s

PWM0_IRQHandler 00000028

Symbol: PWM0_IRQHandler
   Definitions
      At line 319 in file ..\Core\startup_spc1168.s



ARM Macro Assembler    Page 7 Alphabetic symbol ordering
Relocatable symbols

   Uses
      At line 133 in file ..\Core\startup_spc1168.s
      At line 267 in file ..\Core\startup_spc1168.s

PWM1TZ_IRQHandler 00000028

Symbol: PWM1TZ_IRQHandler
   Definitions
      At line 326 in file ..\Core\startup_spc1168.s
   Uses
      At line 142 in file ..\Core\startup_spc1168.s
      At line 274 in file ..\Core\startup_spc1168.s

PWM1_IRQHandler 00000028

Symbol: PWM1_IRQHandler
   Definitions
      At line 320 in file ..\Core\startup_spc1168.s
   Uses
      At line 134 in file ..\Core\startup_spc1168.s
      At line 268 in file ..\Core\startup_spc1168.s

PWM2TZ_IRQHandler 00000028

Symbol: PWM2TZ_IRQHandler
   Definitions
      At line 327 in file ..\Core\startup_spc1168.s
   Uses
      At line 143 in file ..\Core\startup_spc1168.s
      At line 275 in file ..\Core\startup_spc1168.s

PWM2_IRQHandler 00000028

Symbol: PWM2_IRQHandler
   Definitions
      At line 321 in file ..\Core\startup_spc1168.s
   Uses
      At line 135 in file ..\Core\startup_spc1168.s
      At line 269 in file ..\Core\startup_spc1168.s

PWM3TZ_IRQHandler 00000028

Symbol: PWM3TZ_IRQHandler
   Definitions
      At line 328 in file ..\Core\startup_spc1168.s
   Uses
      At line 144 in file ..\Core\startup_spc1168.s
      At line 276 in file ..\Core\startup_spc1168.s

PWM3_IRQHandler 00000028

Symbol: PWM3_IRQHandler
   Definitions
      At line 322 in file ..\Core\startup_spc1168.s
   Uses
      At line 136 in file ..\Core\startup_spc1168.s
      At line 270 in file ..\Core\startup_spc1168.s

PWM4TZ_IRQHandler 00000028



ARM Macro Assembler    Page 8 Alphabetic symbol ordering
Relocatable symbols


Symbol: PWM4TZ_IRQHandler
   Definitions
      At line 329 in file ..\Core\startup_spc1168.s
   Uses
      At line 145 in file ..\Core\startup_spc1168.s
      At line 277 in file ..\Core\startup_spc1168.s

PWM4_IRQHandler 00000028

Symbol: PWM4_IRQHandler
   Definitions
      At line 323 in file ..\Core\startup_spc1168.s
   Uses
      At line 137 in file ..\Core\startup_spc1168.s
      At line 271 in file ..\Core\startup_spc1168.s

PWM5TZ_IRQHandler 00000028

Symbol: PWM5TZ_IRQHandler
   Definitions
      At line 330 in file ..\Core\startup_spc1168.s
   Uses
      At line 146 in file ..\Core\startup_spc1168.s
      At line 278 in file ..\Core\startup_spc1168.s

PWM5_IRQHandler 00000028

Symbol: PWM5_IRQHandler
   Definitions
      At line 324 in file ..\Core\startup_spc1168.s
   Uses
      At line 138 in file ..\Core\startup_spc1168.s
      At line 272 in file ..\Core\startup_spc1168.s

PendSV_Handler 00000024

Symbol: PendSV_Handler
   Definitions
      At line 223 in file ..\Core\startup_spc1168.s
   Uses
      At line 90 in file ..\Core\startup_spc1168.s
      At line 224 in file ..\Core\startup_spc1168.s

Reset_Handler 00000000

Symbol: Reset_Handler
   Definitions
      At line 164 in file ..\Core\startup_spc1168.s
   Uses
      At line 77 in file ..\Core\startup_spc1168.s
      At line 165 in file ..\Core\startup_spc1168.s

SIO0A_IRQHandler 00000028

Symbol: SIO0A_IRQHandler
   Definitions
      At line 292 in file ..\Core\startup_spc1168.s
   Uses



ARM Macro Assembler    Page 9 Alphabetic symbol ordering
Relocatable symbols

      At line 100 in file ..\Core\startup_spc1168.s
      At line 240 in file ..\Core\startup_spc1168.s

SIO0B_IRQHandler 00000028

Symbol: SIO0B_IRQHandler
   Definitions
      At line 293 in file ..\Core\startup_spc1168.s
   Uses
      At line 101 in file ..\Core\startup_spc1168.s
      At line 241 in file ..\Core\startup_spc1168.s

SSP_IRQHandler 00000028

Symbol: SSP_IRQHandler
   Definitions
      At line 295 in file ..\Core\startup_spc1168.s
   Uses
      At line 107 in file ..\Core\startup_spc1168.s
      At line 243 in file ..\Core\startup_spc1168.s

SVC_Handler 00000020

Symbol: SVC_Handler
   Definitions
      At line 214 in file ..\Core\startup_spc1168.s
   Uses
      At line 87 in file ..\Core\startup_spc1168.s
      At line 215 in file ..\Core\startup_spc1168.s

SysTick_Handler 00000026

Symbol: SysTick_Handler
   Definitions
      At line 227 in file ..\Core\startup_spc1168.s
   Uses
      At line 91 in file ..\Core\startup_spc1168.s
      At line 228 in file ..\Core\startup_spc1168.s

TIMER0_IRQHandler 00000028

Symbol: TIMER0_IRQHandler
   Definitions
      At line 332 in file ..\Core\startup_spc1168.s
   Uses
      At line 150 in file ..\Core\startup_spc1168.s
      At line 280 in file ..\Core\startup_spc1168.s

TIMER1_IRQHandler 00000028

Symbol: TIMER1_IRQHandler
   Definitions
      At line 333 in file ..\Core\startup_spc1168.s
   Uses
      At line 151 in file ..\Core\startup_spc1168.s
      At line 281 in file ..\Core\startup_spc1168.s

TIMER2_IRQHandler 00000028




ARM Macro Assembler    Page 10 Alphabetic symbol ordering
Relocatable symbols

Symbol: TIMER2_IRQHandler
   Definitions
      At line 334 in file ..\Core\startup_spc1168.s
   Uses
      At line 152 in file ..\Core\startup_spc1168.s
      At line 282 in file ..\Core\startup_spc1168.s

UART_IRQHandler 00000028

Symbol: UART_IRQHandler
   Definitions
      At line 294 in file ..\Core\startup_spc1168.s
   Uses
      At line 106 in file ..\Core\startup_spc1168.s
      At line 242 in file ..\Core\startup_spc1168.s

UsageFault_Handler 0000001E

Symbol: UsageFault_Handler
   Definitions
      At line 210 in file ..\Core\startup_spc1168.s
   Uses
      At line 82 in file ..\Core\startup_spc1168.s
      At line 211 in file ..\Core\startup_spc1168.s

WDT1_IRQHandler 00000028

Symbol: WDT1_IRQHandler
   Definitions
      At line 289 in file ..\Core\startup_spc1168.s
   Uses
      At line 97 in file ..\Core\startup_spc1168.s
      At line 237 in file ..\Core\startup_spc1168.s

__user_initial_stackheap 0000002C

Symbol: __user_initial_stackheap
   Definitions
      At line 358 in file ..\Core\startup_spc1168.s
   Uses
      At line 356 in file ..\Core\startup_spc1168.s
Comment: __user_initial_stackheap used once
64 symbols



ARM Macro Assembler    Page 1 Alphabetic symbol ordering
Absolute symbols

Heap_Size 00000400

Symbol: Heap_Size
   Definitions
      At line 57 in file ..\Core\startup_spc1168.s
   Uses
      At line 61 in file ..\Core\startup_spc1168.s
      At line 361 in file ..\Core\startup_spc1168.s

Stack_Size 00000400

Symbol: Stack_Size
   Definitions
      At line 46 in file ..\Core\startup_spc1168.s
   Uses
      At line 49 in file ..\Core\startup_spc1168.s
      At line 360 in file ..\Core\startup_spc1168.s

__Vectors_Size 00000134

Symbol: __Vectors_Size
   Definitions
      At line 157 in file ..\Core\startup_spc1168.s
   Uses
      At line 74 in file ..\Core\startup_spc1168.s
Comment: __Vectors_Size used once
3 symbols



ARM Macro Assembler    Page 1 Alphabetic symbol ordering
External symbols

SystemInit 00000000

Symbol: SystemInit
   Definitions
      At line 166 in file ..\Core\startup_spc1168.s
   Uses
      At line 177 in file ..\Core\startup_spc1168.s
Comment: SystemInit used once
__main 00000000

Symbol: __main
   Definitions
      At line 167 in file ..\Core\startup_spc1168.s
   Uses
      At line 183 in file ..\Core\startup_spc1168.s
Comment: __main used once
__use_two_region_memory 00000000

Symbol: __use_two_region_memory
   Definitions
      At line 355 in file ..\Core\startup_spc1168.s
   Uses
      None
Comment: __use_two_region_memory unused
3 symbols
417 symbols in table
